# JRE version: Java(TM) SE Runtime Environment (8.0_66-b18) (build 1.8.0_66-b18)
# Java VM: Java HotSpot(TM) 64-Bit Server VM (25.66-b18 mixed mode windows-amd64 compressed oops)
Heap:
 PSYoungGen      total 53760K, used 22706K [0x00000007bc400000, 0x00000007c0000000, 0x00000007c0000000)
  eden space 46080K, 32% used [0x00000007bc400000,0x00000007bd2ad1b0,0x00000007bf100000)
  from space 7680K, 99% used [0x00000007bf880000,0x00000007bffff8a8,0x00000007c0000000)
  to   space 7680K, 0% used [0x00000007bf100000,0x00000007bf100000,0x00000007bf880000)
 ParOldGen       total 93184K, used 18540K [0x0000000700000000, 0x0000000705b00000, 0x00000007bc400000)
  object space 93184K, 19% used [0x0000000700000000,0x000000070121b288,0x0000000705b00000)
 Metaspace       used 33930K, capacity 34286K, committed 34688K, reserved 1079296K
  class space    used 4627K, capacity 4711K, committed 4736K, reserved 1048576K
GC Heap History (10 events):
Event: 5.853 GC heap before
{Heap before GC invocations=1 (full 0):
 PSYoungGen      total 53760K, used 46080K [0x00000007bc400000, 0x00000007c0000000, 0x00000007c0000000)
  eden space 46080K, 100% used [0x00000007bc400000,0x00000007bf100000,0x00000007bf100000)
  from space 7680K, 0% used [0x00000007bf880000,0x00000007bf880000,0x00000007c0000000)
  to   space 7680K, 0% used [0x00000007bf100000,0x00000007bf100000,0x00000007bf880000)
 ParOldGen       total 69632K, used 0K [0x0000000700000000, 0x0000000704400000, 0x00000007bc400000)
  object space 69632K, 0% used [0x0000000700000000,0x0000000700000000,0x0000000704400000)
 Metaspace       used 11982K, capacity 12158K, committed 12288K, reserved 1060864K
  class space    used 1165K, capacity 1227K, committed 1280K, reserved 1048576K
Event: 5.898 GC heap after
Heap after GC invocations=1 (full 0):
 PSYoungGen      total 53760K, used 7651K [0x00000007bc400000, 0x00000007c0000000, 0x00000007c0000000)
  eden space 46080K, 0% used [0x00000007bc400000,0x00000007bc400000,0x00000007bf100000)
  from space 7680K, 99% used [0x00000007bf100000,0x00000007bf878e28,0x00000007bf880000)
  to   space 7680K, 0% used [0x00000007bf880000,0x00000007bf880000,0x00000007c0000000)
 ParOldGen       total 69632K, used 825K [0x0000000700000000, 0x0000000704400000, 0x00000007bc400000)
  object space 69632K, 1% used [0x0000000700000000,0x00000007000ce480,0x0000000704400000)
 Metaspace       used 11982K, capacity 12158K, committed 12288K, reserved 1060864K
  class space    used 1165K, capacity 1227K, committed 1280K, reserved 1048576K
}
Event: 10.404 GC heap before
{Heap before GC invocations=2 (full 0):
 PSYoungGen      total 53760K, used 47245K [0x00000007bc400000, 0x00000007c0000000, 0x00000007c0000000)
  eden space 46080K, 85% used [0x00000007bc400000,0x00000007beaaa620,0x00000007bf100000)
  from space 7680K, 99% used [0x00000007bf100000,0x00000007bf878e28,0x00000007bf880000)
  to   space 7680K, 0% used [0x00000007bf880000,0x00000007bf880000,0x00000007c0000000)
 ParOldGen       total 69632K, used 825K [0x0000000700000000, 0x0000000704400000, 0x00000007bc400000)
  object space 69632K, 1% used [0x0000000700000000,0x00000007000ce480,0x0000000704400000)
 Metaspace       used 20843K, capacity 21084K, committed 21296K, reserved 1069056K
  class space    used 2559K, capacity 2643K, committed 2688K, reserved 1048576K
Event: 10.420 GC heap after
Heap after GC invocations=2 (full 0):
 PSYoungGen      total 53760K, used 7653K [0x00000007bc400000, 0x00000007c0000000, 0x00000007c0000000)
  eden space 46080K, 0% used [0x00000007bc400000,0x00000007bc400000,0x00000007bf100000)
  from space 7680K, 99% used [0x00000007bf880000,0x00000007bfff95b0,0x00000007c0000000)
  to   space 7680K, 0% used [0x00000007bf100000,0x00000007bf100000,0x00000007bf880000)
 ParOldGen       total 69632K, used 7054K [0x0000000700000000, 0x0000000704400000, 0x00000007bc400000)
  object space 69632K, 10% used [0x0000000700000000,0x00000007006e3868,0x0000000704400000)
 Metaspace       used 20843K, capacity 21084K, committed 21296K, reserved 1069056K
  class space    used 2559K, capacity 2643K, committed 2688K, reserved 1048576K
}
Event: 10.420 GC heap before
{Heap before GC invocations=3 (full 1):
 PSYoungGen      total 53760K, used 7653K [0x00000007bc400000, 0x00000007c0000000, 0x00000007c0000000)
  eden space 46080K, 0% used [0x00000007bc400000,0x00000007bc400000,0x00000007bf100000)
  from space 7680K, 99% used [0x00000007bf880000,0x00000007bfff95b0,0x00000007c0000000)
  to   space 7680K, 0% used [0x00000007bf100000,0x00000007bf100000,0x00000007bf880000)
 ParOldGen       total 69632K, used 7054K [0x0000000700000000, 0x0000000704400000, 0x00000007bc400000)
  object space 69632K, 10% used [0x0000000700000000,0x00000007006e3868,0x0000000704400000)
 Metaspace       used 20843K, capacity 21084K, committed 21296K, reserved 1069056K
  class space    used 2559K, capacity 2643K, committed 2688K, reserved 1048576K
Event: 10.498 GC heap after
Heap after GC invocations=3 (full 1):
 PSYoungGen      total 53760K, used 0K [0x00000007bc400000, 0x00000007c0000000, 0x00000007c0000000)
  eden space 46080K, 0% used [0x00000007bc400000,0x00000007bc400000,0x00000007bf100000)
  from space 7680K, 0% used [0x00000007bf880000,0x00000007bf880000,0x00000007c0000000)
  to   space 7680K, 0% used [0x00000007bf100000,0x00000007bf100000,0x00000007bf880000)
 ParOldGen       total 93184K, used 12666K [0x0000000700000000, 0x0000000705b00000, 0x00000007bc400000)
  object space 93184K, 13% used [0x0000000700000000,0x0000000700c5ebc8,0x0000000705b00000)
 Metaspace       used 20843K, capacity 21084K, committed 21296K, reserved 1069056K
  class space    used 2559K, capacity 2643K, committed 2688K, reserved 1048576K
}
Event: 11.745 GC heap before
{Heap before GC invocations=4 (full 1):
 PSYoungGen      total 53760K, used 46080K [0x00000007bc400000, 0x00000007c0000000, 0x00000007c0000000)
  eden space 46080K, 100% used [0x00000007bc400000,0x00000007bf100000,0x00000007bf100000)
  from space 7680K, 0% used [0x00000007bf880000,0x00000007bf880000,0x00000007c0000000)
  to   space 7680K, 0% used [0x00000007bf100000,0x00000007bf100000,0x00000007bf880000)
 ParOldGen       total 93184K, used 12666K [0x0000000700000000, 0x0000000705b00000, 0x00000007bc400000)
  object space 93184K, 13% used [0x0000000700000000,0x0000000700c5ebc8,0x0000000705b00000)
 Metaspace       used 27663K, capacity 27945K, committed 28160K, reserved 1073152K
  class space    used 3471K, capacity 3550K, committed 3584K, reserved 1048576K
Event: 11.751 GC heap after
Heap after GC invocations=4 (full 1):
 PSYoungGen      total 53760K, used 7672K [0x00000007bc400000, 0x00000007c0000000, 0x00000007c0000000)
  eden space 46080K, 0% used [0x00000007bc400000,0x00000007bc400000,0x00000007bf100000)
  from space 7680K, 99% used [0x00000007bf100000,0x00000007bf87e0d8,0x00000007bf880000)
  to   space 7680K, 0% used [0x00000007bf880000,0x00000007bf880000,0x00000007c0000000)
 ParOldGen       total 93184K, used 13857K [0x0000000700000000, 0x0000000705b00000, 0x00000007bc400000)
  object space 93184K, 14% used [0x0000000700000000,0x0000000700d885a0,0x0000000705b00000)
 Metaspace       used 27663K, capacity 27945K, committed 28160K, reserved 1073152K
  class space    used 3471K, capacity 3550K, committed 3584K, reserved 1048576K
}
Event: 12.365 GC heap before
{Heap before GC invocations=5 (full 1):
 PSYoungGen      total 53760K, used 53752K [0x00000007bc400000, 0x00000007c0000000, 0x00000007c0000000)
  eden space 46080K, 100% used [0x00000007bc400000,0x00000007bf100000,0x00000007bf100000)
  from space 7680K, 99% used [0x00000007bf100000,0x00000007bf87e0d8,0x00000007bf880000)
  to   space 7680K, 0% used [0x00000007bf880000,0x00000007bf880000,0x00000007c0000000)
 ParOldGen       total 93184K, used 13857K [0x0000000700000000, 0x0000000705b00000, 0x00000007bc400000)
  object space 93184K, 14% used [0x0000000700000000,0x0000000700d885a0,0x0000000705b00000)
 Metaspace       used 31128K, capacity 31477K, committed 31872K, reserved 1077248K
  class space    used 4125K, capacity 4196K, committed 4224K, reserved 1048576K
Event: 12.374 GC heap after
Heap after GC invocations=5 (full 1):
 PSYoungGen      total 53760K, used 7678K [0x00000007bc400000, 0x00000007c0000000, 0x00000007c0000000)
  eden space 46080K, 0% used [0x00000007bc400000,0x00000007bc400000,0x00000007bf100000)
  from space 7680K, 99% used [0x00000007bf880000,0x00000007bffff8a8,0x00000007c0000000)
  to   space 7680K, 0% used [0x00000007bf100000,0x00000007bf100000,0x00000007bf880000)
 ParOldGen       total 93184K, used 18540K [0x0000000700000000, 0x0000000705b00000, 0x00000007bc400000)
  object space 93184K, 19% used [0x0000000700000000,0x000000070121b288,0x0000000705b00000)
 Metaspace       used 31128K, capacity 31477K, committed 31872K, reserved 1077248K
  class space    used 4125K, capacity 4196K, committed 4224K, reserved 1048576K
}

